2020-08-10 19:26:50,293-DEBUG-Test.Core : This is a debug msg {test.py > <module> > 6}
2020-08-10 19:26:50,294-INFO -Test.Core : This is a info msg {test.py > <module> > 7}
2020-08-10 19:26:50,294-WARNING-Test.Core : This is a warning msg {test.py > <module> > 8}
2020-08-10 19:26:50,294-ERROR-Test.Core : This is a error msg {test.py > <module> > 9}
2020-08-10 19:26:50,294-CRITICAL-Test.Core : This is a critical msg {test.py > <module> > 10}
2020-08-10 19:32:03,768-DEBUG-Test.Core : This is a debug msg {test.py > <module> > 6}
2020-08-10 19:32:03,769-INFO -Test.Core : This is a info msg {test.py > <module> > 7}
2020-08-10 19:32:03,769-WARNING-Test.Core : This is a warning msg {test.py > <module> > 8}
2020-08-10 19:32:03,769-ERROR-Test.Core : This is a error msg {test.py > <module> > 9}
2020-08-10 19:32:03,770-CRITICAL-Test.Core : This is a critical msg {test.py > <module> > 10}
2020-08-10 19:32:34,975-DEBUG-Test.Core : This is a debug msg {test.py > <module> > 6}
2020-08-10 19:32:34,976-INFO -Test.Core : This is a info msg {test.py > <module> > 7}
2020-08-10 19:32:34,977-WARNING-Test.Core : This is a warning msg {test.py > <module> > 8}
2020-08-10 19:32:34,977-ERROR-Test.Core : This is a error msg {test.py > <module> > 9}
2020-08-10 19:32:34,977-CRITICAL-Test.Core : This is a critical msg {test.py > <module> > 10}
2020-08-10 19:33:03,117-DEBUG-Test.Core : This is a debug msg {test.py > <module> > 6}
2020-08-10 19:33:03,117-INFO -Test.Core : This is a info msg {test.py > <module> > 7}
2020-08-10 19:33:03,118-WARNING-Test.Core : This is a warning msg {test.py > <module> > 8}
2020-08-10 19:33:03,118-ERROR-Test.Core : This is a error msg {test.py > <module> > 9}
2020-08-10 19:33:03,118-CRITICAL-Test.Core : This is a critical msg {test.py > <module> > 10}
2020-08-10 19:35:09,436-DEBUG-root     : This is a debug msg {test.py > <module> > 12}
2020-08-10 19:35:09,436-INFO -root     : This is a info msg {test.py > <module> > 13}
2020-08-10 19:35:09,436-WARNING-root     : This is a warning msg {test.py > <module> > 14}
2020-08-10 19:35:09,437-ERROR-root     : This is a error msg {test.py > <module> > 15}
2020-08-10 19:35:09,437-CRITICAL-root     : This is a critical msg {test.py > <module> > 16}
2020-08-10 19:43:30,700-DEBUG-root     : This is a debug msg {test.py > <module> > 12}
2020-08-10 19:43:30,701-INFO -root     : This is a info msg {test.py > <module> > 13}
2020-08-10 19:43:30,701-WARNING-root     : This is a warning msg {test.py > <module> > 14}
2020-08-10 19:43:30,701-ERROR-root     : This is a error msg {test.py > <module> > 15}
2020-08-10 19:43:30,701-CRITICAL-root     : This is a critical msg {test.py > <module> > 16}
